2023-10-04T17:28:08,275 - WorkerLoadTime.Milliseconds:1297.0|#WorkerName:W-9000-TinyTransformer_1.0,Level:Host|#hostname:berserker,timestamp:1696454888
2023-10-04T17:28:08,275 - WorkerThreadTime.Milliseconds:22.0|#Level:Host|#hostname:berserker,timestamp:1696454888
2023-10-04T17:28:11,549 - ts_inference_requests_total.Count:1.0|#model_name:TinyTransformer,model_version:default|#hostname:berserker,timestamp:1696454891
2023-10-04T17:28:11,585 - Requests2XX.Count:1.0|#Level:Host|#hostname:berserker,timestamp:1696454891
2023-10-04T17:28:11,586 - ts_inference_latency_microseconds.Microseconds:35104.415|#model_name:TinyTransformer,model_version:default|#hostname:berserker,timestamp:1696454891
2023-10-04T17:28:11,586 - ts_queue_latency_microseconds.Microseconds:257.42|#model_name:TinyTransformer,model_version:default|#hostname:berserker,timestamp:1696454891
2023-10-04T17:28:11,586 - QueueTime.Milliseconds:0.0|#Level:Host|#hostname:berserker,timestamp:1696454891
2023-10-04T17:28:11,586 - WorkerThreadTime.Milliseconds:2.0|#Level:Host|#hostname:berserker,timestamp:1696454891
2023-10-04T17:28:23,018 - ts_inference_requests_total.Count:1.0|#model_name:TinyTransformer,model_version:default|#hostname:berserker,timestamp:1696454903
2023-10-04T17:28:23,050 - Requests2XX.Count:1.0|#Level:Host|#hostname:berserker,timestamp:1696454903
2023-10-04T17:28:23,051 - ts_inference_latency_microseconds.Microseconds:31467.523|#model_name:TinyTransformer,model_version:default|#hostname:berserker,timestamp:1696454903
2023-10-04T17:28:23,051 - ts_queue_latency_microseconds.Microseconds:47.015|#model_name:TinyTransformer,model_version:default|#hostname:berserker,timestamp:1696454903
2023-10-04T17:28:23,051 - QueueTime.Milliseconds:0.0|#Level:Host|#hostname:berserker,timestamp:1696454903
2023-10-04T17:28:23,051 - WorkerThreadTime.Milliseconds:2.0|#Level:Host|#hostname:berserker,timestamp:1696454903
2023-10-04T17:28:39,061 - ts_inference_requests_total.Count:1.0|#model_name:TinyTransformer,model_version:default|#hostname:berserker,timestamp:1696454919
2023-10-04T17:28:39,111 - Requests2XX.Count:1.0|#Level:Host|#hostname:berserker,timestamp:1696454919
2023-10-04T17:28:39,112 - ts_inference_latency_microseconds.Microseconds:49080.354|#model_name:TinyTransformer,model_version:default|#hostname:berserker,timestamp:1696454919
2023-10-04T17:28:39,112 - ts_queue_latency_microseconds.Microseconds:74.398|#model_name:TinyTransformer,model_version:default|#hostname:berserker,timestamp:1696454919
2023-10-04T17:28:39,112 - QueueTime.Milliseconds:0.0|#Level:Host|#hostname:berserker,timestamp:1696454919
2023-10-04T17:28:39,112 - WorkerThreadTime.Milliseconds:2.0|#Level:Host|#hostname:berserker,timestamp:1696454919
2023-10-04T17:28:42,507 - ts_inference_requests_total.Count:1.0|#model_name:TinyTransformer,model_version:default|#hostname:berserker,timestamp:1696454922
2023-10-04T17:28:42,549 - Requests2XX.Count:1.0|#Level:Host|#hostname:berserker,timestamp:1696454922
2023-10-04T17:28:42,549 - ts_inference_latency_microseconds.Microseconds:40871.539|#model_name:TinyTransformer,model_version:default|#hostname:berserker,timestamp:1696454922
2023-10-04T17:28:42,549 - ts_queue_latency_microseconds.Microseconds:54.291|#model_name:TinyTransformer,model_version:default|#hostname:berserker,timestamp:1696454922
2023-10-04T17:28:42,549 - QueueTime.Milliseconds:0.0|#Level:Host|#hostname:berserker,timestamp:1696454922
2023-10-04T17:28:42,549 - WorkerThreadTime.Milliseconds:2.0|#Level:Host|#hostname:berserker,timestamp:1696454922
2023-10-04T17:29:21,338 - ts_inference_requests_total.Count:1.0|#model_name:TinyTransformer,model_version:default|#hostname:berserker,timestamp:1696454961
2023-10-04T17:29:21,378 - Requests2XX.Count:1.0|#Level:Host|#hostname:berserker,timestamp:1696454961
2023-10-04T17:29:21,378 - ts_inference_latency_microseconds.Microseconds:38663.933|#model_name:TinyTransformer,model_version:default|#hostname:berserker,timestamp:1696454961
2023-10-04T17:29:21,378 - ts_queue_latency_microseconds.Microseconds:70.424|#model_name:TinyTransformer,model_version:default|#hostname:berserker,timestamp:1696454961
2023-10-04T17:29:21,378 - QueueTime.Milliseconds:0.0|#Level:Host|#hostname:berserker,timestamp:1696454961
2023-10-04T17:29:21,379 - WorkerThreadTime.Milliseconds:1.0|#Level:Host|#hostname:berserker,timestamp:1696454961
2023-10-04T17:29:56,000 - ts_inference_requests_total.Count:1.0|#model_name:TinyTransformer,model_version:default|#hostname:berserker,timestamp:1696454996
2023-10-04T17:29:56,068 - Requests2XX.Count:1.0|#Level:Host|#hostname:berserker,timestamp:1696454996
2023-10-04T17:29:56,068 - ts_inference_latency_microseconds.Microseconds:66320.727|#model_name:TinyTransformer,model_version:default|#hostname:berserker,timestamp:1696454996
2023-10-04T17:29:56,068 - ts_queue_latency_microseconds.Microseconds:136.804|#model_name:TinyTransformer,model_version:default|#hostname:berserker,timestamp:1696454996
2023-10-04T17:29:56,068 - QueueTime.Milliseconds:0.0|#Level:Host|#hostname:berserker,timestamp:1696454996
2023-10-04T17:29:56,069 - WorkerThreadTime.Milliseconds:3.0|#Level:Host|#hostname:berserker,timestamp:1696454996
2023-10-04T17:30:34,389 - ts_inference_requests_total.Count:1.0|#model_name:TinyTransformer,model_version:default|#hostname:berserker,timestamp:1696455034
2023-10-04T17:30:34,412 - Requests2XX.Count:1.0|#Level:Host|#hostname:berserker,timestamp:1696455034
2023-10-04T17:30:34,412 - ts_inference_latency_microseconds.Microseconds:22755.514|#model_name:TinyTransformer,model_version:default|#hostname:berserker,timestamp:1696455034
2023-10-04T17:30:34,412 - ts_queue_latency_microseconds.Microseconds:187.826|#model_name:TinyTransformer,model_version:default|#hostname:berserker,timestamp:1696455034
2023-10-04T17:30:34,413 - QueueTime.Milliseconds:0.0|#Level:Host|#hostname:berserker,timestamp:1696455034
2023-10-04T17:30:34,413 - WorkerThreadTime.Milliseconds:2.0|#Level:Host|#hostname:berserker,timestamp:1696455034
2023-10-04T17:30:41,679 - ts_inference_requests_total.Count:1.0|#model_name:TinyTransformer,model_version:default|#hostname:berserker,timestamp:1696455041
2023-10-04T17:30:41,716 - Requests2XX.Count:1.0|#Level:Host|#hostname:berserker,timestamp:1696455041
2023-10-04T17:30:41,716 - ts_inference_latency_microseconds.Microseconds:37011.036|#model_name:TinyTransformer,model_version:default|#hostname:berserker,timestamp:1696455041
2023-10-04T17:30:41,717 - ts_queue_latency_microseconds.Microseconds:189.26|#model_name:TinyTransformer,model_version:default|#hostname:berserker,timestamp:1696455041
2023-10-04T17:30:41,717 - QueueTime.Milliseconds:0.0|#Level:Host|#hostname:berserker,timestamp:1696455041
2023-10-04T17:30:41,717 - WorkerThreadTime.Milliseconds:1.0|#Level:Host|#hostname:berserker,timestamp:1696455041
2023-10-04T17:30:45,918 - ts_inference_requests_total.Count:1.0|#model_name:TinyTransformer,model_version:default|#hostname:berserker,timestamp:1696455045
2023-10-04T17:30:45,957 - Requests2XX.Count:1.0|#Level:Host|#hostname:berserker,timestamp:1696455045
2023-10-04T17:30:45,957 - ts_inference_latency_microseconds.Microseconds:38706.895|#model_name:TinyTransformer,model_version:default|#hostname:berserker,timestamp:1696455045
2023-10-04T17:30:45,958 - ts_queue_latency_microseconds.Microseconds:51.516|#model_name:TinyTransformer,model_version:default|#hostname:berserker,timestamp:1696455045
2023-10-04T17:30:45,958 - QueueTime.Milliseconds:0.0|#Level:Host|#hostname:berserker,timestamp:1696455045
2023-10-04T17:30:45,958 - WorkerThreadTime.Milliseconds:2.0|#Level:Host|#hostname:berserker,timestamp:1696455045
2023-10-04T17:30:46,943 - ts_inference_requests_total.Count:1.0|#model_name:TinyTransformer,model_version:default|#hostname:berserker,timestamp:1696455046
2023-10-04T17:30:46,988 - Requests2XX.Count:1.0|#Level:Host|#hostname:berserker,timestamp:1696455046
2023-10-04T17:30:46,988 - ts_inference_latency_microseconds.Microseconds:44231.747|#model_name:TinyTransformer,model_version:default|#hostname:berserker,timestamp:1696455046
2023-10-04T17:30:46,988 - ts_queue_latency_microseconds.Microseconds:159.369|#model_name:TinyTransformer,model_version:default|#hostname:berserker,timestamp:1696455046
2023-10-04T17:30:46,988 - QueueTime.Milliseconds:0.0|#Level:Host|#hostname:berserker,timestamp:1696455046
2023-10-04T17:30:46,989 - WorkerThreadTime.Milliseconds:1.0|#Level:Host|#hostname:berserker,timestamp:1696455046
2023-10-04T17:30:47,873 - ts_inference_requests_total.Count:1.0|#model_name:TinyTransformer,model_version:default|#hostname:berserker,timestamp:1696455047
2023-10-04T17:30:47,920 - Requests2XX.Count:1.0|#Level:Host|#hostname:berserker,timestamp:1696455047
2023-10-04T17:30:47,920 - ts_inference_latency_microseconds.Microseconds:38610.563|#model_name:TinyTransformer,model_version:default|#hostname:berserker,timestamp:1696455047
2023-10-04T17:30:47,920 - ts_queue_latency_microseconds.Microseconds:100.909|#model_name:TinyTransformer,model_version:default|#hostname:berserker,timestamp:1696455047
2023-10-04T17:30:47,920 - QueueTime.Milliseconds:0.0|#Level:Host|#hostname:berserker,timestamp:1696455047
2023-10-04T17:30:47,920 - WorkerThreadTime.Milliseconds:9.0|#Level:Host|#hostname:berserker,timestamp:1696455047
